Proyectos/Player/app/build/intermediates/manifest_merge_blame_file/debug/manifest-merger-blame-debug-report.txt
1<?xml version="1.0" encoding="utf-8"?>
2<manifest xmlns:android="http://schemas.android.com/apk/res/android"
3    package="com.example.player"
4    android:versionCode="1"
5    android:versionName="1.0" >
6
7    <uses-sdk
8        android:minSdkVersion="21"
8-->src\main\AndroidManifest.xml
9        android:targetSdkVersion="30" />
9-->src\main\AndroidManifest.xml
10
11    <uses-permission android:name="android.permission.ACCESS_NETWORK_STATE" />
11-->src\main\AndroidManifest.xml:6:5-79
11-->src\main\AndroidManifest.xml:6:22-76
12    <uses-permission android:name="android.permission.INTERNET" />
12-->src\main\AndroidManifest.xml:7:5-67
12-->src\main\AndroidManifest.xml:7:22-64
13    <uses-permission android:name="android.permission.WAKE_LOCK" />
13-->src\main\AndroidManifest.xml:8:5-68
13-->src\main\AndroidManifest.xml:8:22-65
14
15    <uses-feature
15-->src\main\AndroidManifest.xml:10:5-12:36
16        android:name="android.hardware.touchscreen"
16-->src\main\AndroidManifest.xml:11:9-52
17        android:required="false" />
17-->src\main\AndroidManifest.xml:12:9-33
18    <uses-feature
18-->src\main\AndroidManifest.xml:13:5-15:35
19        android:name="android.software.leanback"
19-->src\main\AndroidManifest.xml:14:9-49
20        android:required="true" />
20-->src\main\AndroidManifest.xml:15:9-32
21
22    <application
22-->src\main\AndroidManifest.xml:17:5-39:19
23        android:allowBackup="true"
23-->src\main\AndroidManifest.xml:18:9-35
24        android:appComponentFactory="androidx.core.app.CoreComponentFactory"
24-->[androidx.core:core:1.3.1] AndroidManifest.xml:24:18-86
25        android:debuggable="true"
26        android:icon="@mipmap/ic_launcher"
26-->src\main\AndroidManifest.xml:19:9-43
27        android:label="@string/app_name"
27-->src\main\AndroidManifest.xml:20:9-41
28        android:supportsRtl="true"
28-->src\main\AndroidManifest.xml:21:9-35
29        android:testOnly="true"
30        android:theme="@style/Theme.Player" >
30-->src\main\AndroidManifest.xml:22:9-44
31        <activity
31-->src\main\AndroidManifest.xml:23:9-35:20
32            android:name="com.example.player.MainActivity"
32-->src\main\AndroidManifest.xml:24:13-41
33            android:banner="@drawable/app_icon_your_company"
33-->src\main\AndroidManifest.xml:25:13-61
34            android:icon="@drawable/app_icon_your_company"
34-->src\main\AndroidManifest.xml:26:13-59
35            android:label="@string/app_name"
35-->src\main\AndroidManifest.xml:27:13-45
36            android:logo="@drawable/app_icon_your_company"
36-->src\main\AndroidManifest.xml:28:13-59
37            android:screenOrientation="landscape" >
37-->src\main\AndroidManifest.xml:29:13-50
38            <intent-filter>
38-->src\main\AndroidManifest.xml:30:13-34:29
39                <action android:name="android.intent.action.MAIN" />
39-->src\main\AndroidManifest.xml:31:17-69
39-->src\main\AndroidManifest.xml:31:25-66
40
41                <category android:name="android.intent.category.LEANBACK_LAUNCHER" />
41-->src\main\AndroidManifest.xml:33:17-86
41-->src\main\AndroidManifest.xml:33:27-83
42            </intent-filter>
43        </activity>
44        <activity android:name="com.example.player.DetailsActivity" />
44-->src\main\AndroidManifest.xml:36:9-53
44-->src\main\AndroidManifest.xml:36:19-50
45        <activity android:name="com.example.player.PlaybackActivity" />
45-->src\main\AndroidManifest.xml:37:9-54
45-->src\main\AndroidManifest.xml:37:19-51
46        <activity android:name="com.example.player.BrowseErrorActivity" />
46-->src\main\AndroidManifest.xml:38:9-57
46-->src\main\AndroidManifest.xml:38:19-54
47    </application>
48
49</manifest>